<?xml version="1.0" encoding="UTF-8"?>
<!-- Generated by org.testng.reporters.JUnitReportReporter -->
<testsuite hostname="Jiledar" name="com.test.WearecuriousTest" tests="1" failures="0" timestamp="18 Aug 2017 03:39:04 GMT" time="20.324" errors="0">
  <testcase name="Register" time="20.324" classname="com.test.WearecuriousTest"/>
</testsuite> <!-- com.test.WearecuriousTest -->
